<?xml version="1.0" encoding="UTF-8"?>
<testng-results ignored="0" total="1" passed="1" failed="0" skipped="0">
  <reporter-output>
  </reporter-output>
  <suite started-at="2024-11-07T19:59:14 IST" name="Default suite" finished-at="2024-11-07T19:59:25 IST" duration-ms="11511">
    <groups>
    </groups>
    <test started-at="2024-11-07T19:59:14 IST" name="Default test" finished-at="2024-11-07T19:59:25 IST" duration-ms="11511">
      <class name="basepkg.Baseclass">
        <test-method is-config="true" signature="setUp()[pri:0, instance:basepkg.Baseclass@740cae06]" started-at="2024-11-07T19:59:14 IST" name="setUp" finished-at="2024-11-07T19:59:20 IST" duration-ms="5997" status="PASS">
          <reporter-output>
          </reporter-output>
        </test-method> <!-- setUp -->
        <test-method signature="test()[pri:0, instance:basepkg.Baseclass@740cae06]" started-at="2024-11-07T19:59:20 IST" name="test" finished-at="2024-11-07T19:59:25 IST" duration-ms="5446" status="PASS">
          <reporter-output>
          </reporter-output>
        </test-method> <!-- test -->
      </class> <!-- basepkg.Baseclass -->
    </test> <!-- Default test -->
  </suite> <!-- Default suite -->
</testng-results>
